<?xml version="1.0" encoding="UTF-8"?>
<!-- Generated by org.testng.reporters.JUnitReportReporter -->
<testsuite hostname="LENOVO" failures="0" tests="1" name="com.flipkart.qa.TestCases.SelectMobileTest" time="1.596" errors="0" timestamp="22 Aug 2022 07:55:02 GMT">
  <testcase classname="com.flipkart.qa.TestCases.SelectMobileTest" name="selectMobileOption" time="1.596"/>
</testsuite>
