<?xml version="1.0" encoding="UTF-8"?>
<!-- Generated by org.testng.reporters.JUnitReportReporter -->
<testsuite hostname="LENOVO" failures="0" tests="1" name="com.flipkart.qa.TestCases.HomePageTest" time="2.078" errors="0" timestamp="24 Aug 2022 16:46:56 GMT">
  <testcase classname="com.flipkart.qa.TestCases.HomePageTest" name="FlipkartHomepageTest" time="2.078"/>
</testsuite>
