<?xml version="1.0" encoding="UTF-8"?>
<!-- Generated by org.testng.reporters.JUnitReportReporter -->
<testsuite hostname="LENOVO" failures="0" tests="1" name="com.flipkart.qa.TestCases.TpTest" time="0.021" errors="0" timestamp="24 Aug 2022 16:45:43 GMT">
  <testcase classname="com.flipkart.qa.TestCases.TpTest" name="Test" time="0.021"/>
</testsuite>
